[2022-10-13T08:24:54.714] [INFO] default - static files /static/uploads/ -> ./uploads
[2022-10-13T08:24:54.716] [INFO] default - static files /static/videos/ -> ./public
[2022-10-13T09:04:13.181] [INFO] default - static files /static/uploads/ -> ./uploads
[2022-10-13T09:04:13.183] [INFO] default - static files /static/videos/ -> ./public
[2022-10-13T09:05:13.089] [INFO] default - static files /static/uploads/ -> ./uploads
[2022-10-13T09:05:13.091] [INFO] default - static files /static/videos/ -> ./public
[2022-10-13T09:06:10.260] [INFO] default - static files /static/uploads/ -> ./uploads
[2022-10-13T09:06:10.261] [INFO] default - static files /static/videos/ -> ./public
[2022-10-13T09:06:39.546] [INFO] default - static files /static/uploads/ -> ./uploads
[2022-10-13T09:06:39.547] [INFO] default - static files /static/videos/ -> ./public
[2022-10-13T09:06:50.402] [INFO] default - static files /static/uploads/ -> ./uploads
[2022-10-13T09:06:50.403] [INFO] default - static files /static/videos/ -> ./public
[2022-10-13T09:07:10.045] [INFO] default - static files /static/uploads/ -> ./uploads
[2022-10-13T09:07:10.046] [INFO] default - static files /static/videos/ -> ./public
[2022-10-13T09:08:09.522] [INFO] default - static files /static/uploads/ -> ./uploads
[2022-10-13T09:08:09.523] [INFO] default - static files /static/videos/ -> ./public
[2022-10-13T09:08:32.705] [INFO] default - static files /static/uploads/ -> ./uploads
[2022-10-13T09:08:32.707] [INFO] default - static files /static/videos/ -> ./public
[2022-10-13T09:10:11.188] [INFO] default - static files /static/uploads/ -> ./uploads
[2022-10-13T09:10:11.189] [INFO] default - static files /static/videos/ -> ./public
[2022-10-13T09:11:05.655] [INFO] default - static files /static/uploads/ -> ./uploads
[2022-10-13T09:11:05.657] [INFO] default - static files /static/videos/ -> ./public
[2022-10-13T09:12:07.309] [INFO] default - static files /static/uploads/ -> ./uploads
[2022-10-13T09:12:07.311] [INFO] default - static files /static/videos/ -> ./public
[2022-10-13T09:12:30.846] [INFO] default - static files /static/uploads/ -> ./uploads
[2022-10-13T09:12:30.848] [INFO] default - static files /static/videos/ -> ./public
[2022-10-13T09:13:02.844] [INFO] default - static files /static/uploads/ -> ./uploads
[2022-10-13T09:13:02.846] [INFO] default - static files /static/videos/ -> ./public
[2022-10-13T09:14:06.628] [INFO] default - static files /static/uploads/ -> ./uploads
[2022-10-13T09:14:06.629] [INFO] default - static files /static/videos/ -> ./public
[2022-10-13T09:14:18.191] [INFO] default - static files /static/uploads/ -> ./uploads
[2022-10-13T09:14:18.193] [INFO] default - static files /static/videos/ -> ./public
[2022-10-13T09:14:45.072] [INFO] default - static files /static/uploads/ -> ./uploads
[2022-10-13T09:14:45.074] [INFO] default - static files /static/videos/ -> ./public
[2022-10-13T09:29:58.276] [INFO] default - static files /static/uploads/ -> ./uploads
[2022-10-13T09:29:58.277] [INFO] default - static files /static/videos/ -> ./public
[2022-10-13T09:30:11.918] [INFO] default - static files /static/uploads/ -> ./uploads
[2022-10-13T09:30:11.919] [INFO] default - static files /static/videos/ -> ./public
[2022-10-13T09:32:11.507] [INFO] default - static files /static/uploads/ -> ./uploads
[2022-10-13T09:32:11.569] [INFO] default - static files /static/videos/ -> ./public
[2022-10-13T09:32:18.522] [INFO] default - undefined - - "POST /upload HTTP/1.1" 200 - "" "PostmanRuntime/7.29.2"
[2022-10-13T09:32:30.605] [INFO] default - static files /static/uploads/ -> ./uploads
[2022-10-13T09:32:30.607] [INFO] default - static files /static/videos/ -> ./public
[2022-10-13T09:42:38.087] [INFO] default - static files /static/uploads/ -> ./uploads
[2022-10-13T09:42:38.089] [INFO] default - static files /static/videos/ -> ./public
[2022-10-13T09:43:08.580] [INFO] default - static files /static/uploads/ -> ./uploads
[2022-10-13T09:43:08.582] [INFO] default - static files /static/videos/ -> ./public
[2022-10-13T09:44:38.595] [INFO] default - static files /static/uploads/ -> ./uploads
[2022-10-13T09:44:38.597] [INFO] default - static files /static/videos/ -> ./public
[2022-10-13T09:45:33.167] [INFO] default - static files /static/uploads/ -> ./uploads
[2022-10-13T09:45:33.168] [INFO] default - static files /static/videos/ -> ./public
[2022-10-13T09:45:34.881] [INFO] default - ::1 - - "POST /upload HTTP/1.1" 500 1719 "" "PostmanRuntime/7.29.2"
[2022-10-13T09:46:51.173] [INFO] default - static files /static/uploads/ -> ./uploads
[2022-10-13T09:46:51.174] [INFO] default - static files /static/videos/ -> ./public
[2022-10-13T09:46:53.844] [INFO] default - ::1 - - "POST /upload HTTP/1.1" 500 1719 "" "PostmanRuntime/7.29.2"
[2022-10-13T09:46:55.626] [INFO] default - ::1 - - "POST /upload HTTP/1.1" 500 1714 "" "PostmanRuntime/7.29.2"
[2022-10-13T09:47:10.244] [INFO] default - static files /static/uploads/ -> ./uploads
[2022-10-13T09:47:10.245] [INFO] default - static files /static/videos/ -> ./public
[2022-10-13T09:49:17.696] [INFO] default - ::1 - - "POST /upload HTTP/1.1" 500 1719 "" "PostmanRuntime/7.29.2"
[2022-10-13T09:49:29.515] [INFO] default - static files /static/uploads/ -> ./uploads
[2022-10-13T09:49:29.517] [INFO] default - static files /static/videos/ -> ./public
[2022-10-13T09:49:31.585] [INFO] default - ::1 - - "POST /upload HTTP/1.1" 500 1719 "" "PostmanRuntime/7.29.2"
[2022-10-13T09:50:17.211] [INFO] default - static files /static/uploads/ -> ./uploads
[2022-10-13T09:50:17.212] [INFO] default - static files /static/videos/ -> ./public
[2022-10-13T09:50:25.582] [INFO] default - undefined - - "POST /upload HTTP/1.1" 200 - "" "PostmanRuntime/7.29.2"
[2022-10-13T09:50:30.955] [INFO] default - static files /static/uploads/ -> ./uploads
[2022-10-13T09:50:30.957] [INFO] default - static files /static/videos/ -> ./public
[2022-10-13T09:51:28.680] [INFO] default - static files /static/uploads/ -> ./uploads
[2022-10-13T09:51:28.682] [INFO] default - static files /static/videos/ -> ./public
[2022-10-13T09:53:00.300] [INFO] default - static files /static/uploads/ -> ./uploads
[2022-10-13T09:53:00.302] [INFO] default - static files /static/videos/ -> ./public
[2022-10-13T09:53:28.433] [INFO] default - static files /static/uploads/ -> ./uploads
[2022-10-13T09:53:28.434] [INFO] default - static files /static/videos/ -> ./public
[2022-10-13T09:54:04.112] [INFO] default - static files /static/uploads/ -> ./uploads
[2022-10-13T09:54:04.113] [INFO] default - static files /static/videos/ -> ./public
[2022-10-13T09:54:11.804] [INFO] default - static files /static/uploads/ -> ./uploads
[2022-10-13T09:54:11.806] [INFO] default - static files /static/videos/ -> ./public
[2022-10-13T09:57:55.527] [INFO] default - static files /static/uploads/ -> ./uploads
[2022-10-13T09:57:55.528] [INFO] default - static files /static/videos/ -> ./public
[2022-10-13T09:59:24.874] [INFO] default - static files /static/uploads/ -> ./uploads
[2022-10-13T09:59:24.875] [INFO] default - static files /static/videos/ -> ./public
[2022-10-13T09:59:59.773] [INFO] default - static files /static/uploads/ -> ./uploads
[2022-10-13T09:59:59.774] [INFO] default - static files /static/videos/ -> ./public
[2022-10-13T10:03:14.773] [INFO] default - static files /static/uploads/ -> ./uploads
[2022-10-13T10:03:14.775] [INFO] default - static files /static/videos/ -> ./public
[2022-10-13T10:05:05.309] [INFO] default - static files /static/uploads/ -> ./uploads
[2022-10-13T10:05:05.311] [INFO] default - static files /static/videos/ -> ./public
[2022-10-13T10:11:04.088] [INFO] default - static files /static/uploads/ -> ./uploads
[2022-10-13T10:11:04.089] [INFO] default - static files /static/videos/ -> ./public
[2022-10-13T10:14:00.721] [INFO] default - static files /static/uploads/ -> ./uploads
[2022-10-13T10:14:00.723] [INFO] default - static files /static/videos/ -> ./public
[2022-10-13T10:15:19.623] [INFO] default - static files /static/uploads/ -> ./uploads
[2022-10-13T10:15:19.624] [INFO] default - static files /static/videos/ -> ./public
[2022-10-13T10:19:05.208] [INFO] default - static files /static/uploads/ -> ./uploads
[2022-10-13T10:19:05.210] [INFO] default - static files /static/videos/ -> ./public
[2022-10-13T10:21:54.353] [INFO] default - static files /static/uploads/ -> ./uploads
[2022-10-13T10:21:54.354] [INFO] default - static files /static/videos/ -> ./public
[2022-10-13T10:23:31.753] [INFO] default - static files /static/uploads/ -> ./uploads
[2022-10-13T10:23:31.755] [INFO] default - static files /static/videos/ -> ./public
[2022-10-13T10:39:12.873] [INFO] default - static files /static/uploads/ -> ./uploads
[2022-10-13T10:39:12.874] [INFO] default - static files /static/videos/ -> ./public
[2022-10-13T10:39:28.009] [INFO] default - static files /static/uploads/ -> ./uploads
[2022-10-13T10:39:28.011] [INFO] default - static files /static/videos/ -> ./public
[2022-10-13T10:41:21.003] [INFO] default - static files /static/uploads/ -> ./uploads
[2022-10-13T10:41:21.005] [INFO] default - static files /static/videos/ -> ./public
[2022-10-13T10:42:02.594] [INFO] default - static files /static/uploads/ -> ./uploads
[2022-10-13T10:42:02.596] [INFO] default - static files /static/videos/ -> ./public
[2022-10-13T10:42:33.696] [INFO] default - static files /static/uploads/ -> ./uploads
[2022-10-13T10:42:33.697] [INFO] default - static files /static/videos/ -> ./public
[2022-10-13T10:42:54.204] [INFO] default - static files /static/uploads/ -> ./uploads
[2022-10-13T10:42:54.206] [INFO] default - static files /static/videos/ -> ./public
[2022-10-13T10:43:24.055] [INFO] default - static files /static/uploads/ -> ./uploads
[2022-10-13T10:43:24.056] [INFO] default - static files /static/videos/ -> ./public
[2022-10-13T10:43:28.910] [INFO] default - undefined - - "POST /upload HTTP/1.1" 200 - "" "PostmanRuntime/7.29.2"
[2022-10-13T10:44:00.253] [INFO] default - static files /static/uploads/ -> ./uploads
[2022-10-13T10:44:00.255] [INFO] default - static files /static/videos/ -> ./public
[2022-10-13T10:45:51.081] [INFO] default - undefined - - "POST /upload HTTP/1.1" 200 - "" "PostmanRuntime/7.29.2"
[2022-10-13T10:46:15.799] [INFO] default - static files /static/uploads/ -> ./uploads
[2022-10-13T10:46:15.801] [INFO] default - static files /static/videos/ -> ./public
[2022-10-13T10:46:40.057] [INFO] default - undefined - - "POST /upload HTTP/1.1" 200 - "" "PostmanRuntime/7.29.2"
[2022-10-13T10:48:06.310] [INFO] default - static files /static/uploads/ -> ./uploads
[2022-10-13T10:48:06.311] [INFO] default - static files /static/videos/ -> ./public
[2022-10-13T10:48:36.795] [INFO] default - static files /static/uploads/ -> ./uploads
[2022-10-13T10:48:36.796] [INFO] default - static files /static/videos/ -> ./public
[2022-10-13T10:49:05.161] [INFO] default - undefined - - "POST /upload HTTP/1.1" 200 - "" "PostmanRuntime/7.29.2"
[2022-10-13T10:49:44.378] [INFO] default - static files /static/uploads/ -> ./uploads
[2022-10-13T10:49:44.380] [INFO] default - static files /static/videos/ -> ./public
[2022-10-13T10:50:06.579] [INFO] default - static files /static/uploads/ -> ./uploads
[2022-10-13T10:50:06.581] [INFO] default - static files /static/videos/ -> ./public
[2022-10-13T10:50:43.351] [INFO] default - static files /static/uploads/ -> ./uploads
[2022-10-13T10:50:43.352] [INFO] default - static files /static/videos/ -> ./public
[2022-10-13T10:50:52.807] [INFO] default - static files /static/uploads/ -> ./uploads
[2022-10-13T10:50:52.808] [INFO] default - static files /static/videos/ -> ./public
[2022-10-13T10:52:21.442] [INFO] default - static files /static/uploads/ -> ./uploads
[2022-10-13T10:52:21.444] [INFO] default - static files /static/videos/ -> ./public
[2022-10-13T10:53:28.376] [INFO] default - static files /static/uploads/ -> ./uploads
[2022-10-13T10:53:28.377] [INFO] default - static files /static/videos/ -> ./public
[2022-10-13T10:54:14.024] [INFO] default - static files /static/uploads/ -> ./uploads
[2022-10-13T10:54:14.025] [INFO] default - static files /static/videos/ -> ./public
[2022-10-13T10:54:57.939] [INFO] default - static files /static/uploads/ -> ./uploads
[2022-10-13T10:54:57.941] [INFO] default - static files /static/videos/ -> ./public
[2022-10-13T10:55:16.802] [INFO] default - static files /static/uploads/ -> ./uploads
[2022-10-13T10:55:16.805] [INFO] default - static files /static/videos/ -> ./public
[2022-10-13T10:55:29.469] [INFO] default - static files /static/uploads/ -> ./uploads
[2022-10-13T10:55:29.471] [INFO] default - static files /static/videos/ -> ./public
[2022-10-13T10:57:02.344] [INFO] default - static files /static/uploads/ -> ./uploads
[2022-10-13T10:57:02.346] [INFO] default - static files /static/videos/ -> ./public
[2022-10-13T10:57:23.107] [INFO] default - static files /static/uploads/ -> ./uploads
[2022-10-13T10:57:23.108] [INFO] default - static files /static/videos/ -> ./public
[2022-10-13T11:04:01.993] [INFO] default - static files /static/uploads/ -> ./uploads
[2022-10-13T11:04:01.994] [INFO] default - static files /static/videos/ -> ./public
[2022-10-13T11:04:34.024] [INFO] default - static files /static/uploads/ -> ./uploads
[2022-10-13T11:04:34.026] [INFO] default - static files /static/videos/ -> ./public
[2022-10-13T11:06:40.784] [INFO] default - static files /static/uploads/ -> ./uploads
[2022-10-13T11:06:40.786] [INFO] default - static files /static/videos/ -> ./public
[2022-10-13T11:13:00.142] [INFO] default - static files /static/uploads/ -> ./uploads
[2022-10-13T11:13:00.143] [INFO] default - static files /static/videos/ -> ./public
[2022-10-13T11:15:46.784] [INFO] default - static files /static/uploads/ -> ./uploads
[2022-10-13T11:15:46.785] [INFO] default - static files /static/videos/ -> ./public
[2022-10-13T11:16:50.656] [INFO] default - static files /static/uploads/ -> ./uploads
[2022-10-13T11:16:50.659] [INFO] default - static files /static/videos/ -> ./public
[2022-10-13T11:18:04.612] [INFO] default - static files /static/uploads/ -> ./uploads
[2022-10-13T11:18:04.613] [INFO] default - static files /static/videos/ -> ./public
[2022-10-13T11:19:37.177] [INFO] default - static files /static/uploads/ -> ./uploads
[2022-10-13T11:19:37.178] [INFO] default - static files /static/videos/ -> ./public
[2022-10-13T11:20:13.900] [INFO] default - static files /static/uploads/ -> ./uploads
[2022-10-13T11:20:13.902] [INFO] default - static files /static/videos/ -> ./public
[2022-10-13T11:21:08.166] [INFO] default - static files /static/uploads/ -> ./uploads
[2022-10-13T11:21:08.167] [INFO] default - static files /static/videos/ -> ./public
[2022-10-13T11:25:23.861] [INFO] default - static files /static/uploads/ -> ./uploads
[2022-10-13T11:25:23.863] [INFO] default - static files /static/videos/ -> ./public
[2022-10-13T11:27:13.102] [INFO] default - static files /static/uploads/ -> ./uploads
[2022-10-13T11:27:13.104] [INFO] default - static files /static/videos/ -> ./public
[2022-10-13T11:27:47.168] [INFO] default - static files /static/uploads/ -> ./uploads
[2022-10-13T11:27:47.169] [INFO] default - static files /static/videos/ -> ./public
[2022-10-13T11:30:43.675] [INFO] default - static files /static/uploads/ -> ./uploads
[2022-10-13T11:30:43.677] [INFO] default - static files /static/videos/ -> ./public
[2022-10-13T11:30:58.625] [INFO] default - static files /static/uploads/ -> ./uploads
[2022-10-13T11:30:58.626] [INFO] default - static files /static/videos/ -> ./public
[2022-10-13T11:31:36.890] [INFO] default - static files /static/uploads/ -> ./uploads
[2022-10-13T11:31:36.891] [INFO] default - static files /static/videos/ -> ./public
[2022-10-13T11:31:54.938] [INFO] default - static files /static/uploads/ -> ./uploads
[2022-10-13T11:31:54.940] [INFO] default - static files /static/videos/ -> ./public
[2022-10-13T11:32:23.179] [INFO] default - static files /static/uploads/ -> ./uploads
[2022-10-13T11:32:23.181] [INFO] default - static files /static/videos/ -> ./public
[2022-10-13T11:39:19.233] [INFO] default - static files /static/uploads/ -> ./uploads
[2022-10-13T11:39:19.236] [INFO] default - static files /static/videos/ -> ./public
[2022-10-13T11:40:01.527] [INFO] default - undefined - - "POST /upload HTTP/1.1" 200 - "" "PostmanRuntime/7.29.2"
[2022-10-13T11:40:01.811] [INFO] default - static files /static/uploads/ -> ./uploads
[2022-10-13T11:40:01.813] [INFO] default - static files /static/videos/ -> ./public
[2022-10-13T11:44:09.585] [INFO] default - static files /static/uploads/ -> ./uploads
[2022-10-13T11:44:09.586] [INFO] default - static files /static/videos/ -> ./public
[2022-10-13T11:46:30.283] [INFO] default - static files /static/uploads/ -> ./uploads
[2022-10-13T11:46:30.285] [INFO] default - static files /static/videos/ -> ./public
[2022-10-13T11:46:51.759] [INFO] default - static files /static/uploads/ -> ./uploads
[2022-10-13T11:46:51.760] [INFO] default - static files /static/videos/ -> ./public
[2022-10-13T11:47:14.210] [INFO] default - static files /static/uploads/ -> ./uploads
[2022-10-13T11:47:14.212] [INFO] default - static files /static/videos/ -> ./public
[2022-10-13T11:48:32.642] [INFO] default - static files /static/uploads/ -> ./uploads
[2022-10-13T11:48:32.644] [INFO] default - static files /static/videos/ -> ./public
[2022-10-13T11:48:51.352] [INFO] default - static files /static/uploads/ -> ./uploads
[2022-10-13T11:48:51.353] [INFO] default - static files /static/videos/ -> ./public
[2022-10-13T11:48:54.233] [INFO] default - ::1 - - "POST /api/static/upload/img HTTP/1.1" 200 98 "" "PostmanRuntime/7.29.2"
[2022-10-13T11:50:48.389] [INFO] default - static files /static/uploads/ -> ./uploads
[2022-10-13T11:50:48.390] [INFO] default - static files /static/videos/ -> ./public
[2022-10-13T11:51:56.064] [INFO] default - static files /static/uploads/ -> ./uploads
[2022-10-13T11:51:56.065] [INFO] default - static files /static/videos/ -> ./public
[2022-10-13T11:51:57.529] [INFO] default - ::1 - - "POST /api/static/upload/img HTTP/1.1" 200 91 "" "PostmanRuntime/7.29.2"
[2022-10-13T11:55:14.485] [INFO] default - static files /static/uploads/ -> ./public/uploads
[2022-10-13T11:55:14.487] [INFO] default - static files /static/videos/ -> ./public
[2022-10-13T11:55:24.088] [INFO] default - ::1 - - "POST /api/static/upload/img HTTP/1.1" 200 91 "" "PostmanRuntime/7.29.2"
[2022-10-13T11:56:03.398] [INFO] default - static files /static/uploads/ -> ./public/uploads
[2022-10-13T11:56:03.400] [INFO] default - static files /static/videos/ -> ./public
[2022-10-13T13:38:43.898] [INFO] default - static files /static/uploads/ -> ./public/uploads
[2022-10-13T13:38:43.899] [INFO] default - static files /static/videos/ -> ./public
[2022-10-13T13:39:00.912] [INFO] default - static files /static/uploads/ -> ./public/uploads
[2022-10-13T13:39:00.913] [INFO] default - static files /static/videos/ -> ./public
[2022-10-13T13:45:43.539] [INFO] default - static files /api/static/uploads/ -> ./public
[2022-10-13T13:45:43.541] [INFO] default - static files /static/videos/ -> ./public
[2022-10-13T13:46:09.021] [INFO] default - static files /api/static/uploads/ -> ./public
[2022-10-13T13:46:09.023] [INFO] default - static files /static/videos/ -> ./public
[2022-10-13T13:51:11.771] [INFO] default - static files /static/uploads/ -> ./uploads/
[2022-10-13T13:51:11.772] [INFO] default - static files /static/videos/ -> ./public/
[2022-10-13T13:51:56.253] [INFO] default - static files /static/uploads/ -> ./uploads/
[2022-10-13T13:51:56.255] [INFO] default - static files /static/videos/ -> ./public/
[2022-10-13T13:52:21.565] [INFO] default - static files /static/uploads/ -> ./uploads/
[2022-10-13T13:52:21.569] [INFO] default - static files /static/videos/ -> ./public/
[2022-10-13T13:52:31.842] [INFO] default - static files /static/uploads/ -> ./uploads/
[2022-10-13T13:52:31.843] [INFO] default - static files /static/videos/ -> ./public/
[2022-10-13T14:00:13.658] [INFO] default - static files /static/uploads/ -> ./uploads/
[2022-10-13T14:01:20.220] [INFO] default - static files /static/uploads/ -> ./uploads/
[2022-10-13T14:01:32.186] [INFO] default - ::1 - - "POST /api/public/post-img HTTP/1.1" 200 81 "" "PostmanRuntime/7.29.2"
[2022-10-13T14:06:51.073] [INFO] default - static files /static/uploads/ -> ./uploads/
[2022-10-13T14:07:17.023] [INFO] default - static files /static/uploads/ -> ./uploads/
[2022-10-13T14:08:24.237] [INFO] default - static files /static/uploads/ -> ./uploads/
[2022-10-13T14:09:48.519] [INFO] default - static files /static/uploads/ -> ./uploads/
[2022-10-13T14:11:18.721] [INFO] default - static files /static/uploads/ -> ./uploads/
[2022-10-13T14:11:34.492] [INFO] default - static files /static/uploads/ -> ./uploads/
[2022-10-13T14:12:11.941] [INFO] default - static files /static/uploads/ -> ./uploads/
[2022-10-13T14:12:17.179] [INFO] default - static files /static/uploads/ -> ./uploads/
[2022-10-13T14:14:15.162] [INFO] default - static files /static/uploads/ -> ./uploads/
[2022-10-13T14:14:19.071] [INFO] default - ::1 - - "POST /api/public/post-img HTTP/1.1" 200 117 "" "PostmanRuntime/7.29.2"
[2022-10-13T14:14:43.292] [INFO] default - static files /static/uploads/ -> ./uploads/
[2022-10-13T14:14:47.215] [INFO] default - ::1 - - "POST /api/public/post-img HTTP/1.1" 200 88 "" "PostmanRuntime/7.29.2"
[2022-10-13T14:16:41.540] [INFO] default - static files /static/uploads/ -> ./uploads/
[2022-10-13T14:16:46.174] [INFO] default - ::1 - - "GET /static/uploads/34ae6eef-c0d4-4858-80c7-6faa6fcfc79b.png HTTP/1.1" 200 101078 "" "Mozilla/5.0 (Windows NT 10.0; Win64; x64) AppleWebKit/537.36 (KHTML, like Gecko) Chrome/106.0.0.0 Safari/537.36"
[2022-10-13T14:18:49.255] [INFO] default - static files /static/uploads/ -> ./uploads/
[2022-10-13T14:19:05.191] [INFO] default - ::1 - - "POST /api/public/post-img HTTP/1.1" 200 88 "" "PostmanRuntime/7.29.2"
[2022-10-13T14:19:21.832] [INFO] default - ::1 - - "GET /static/uploads/1684b526-b6d8-4869-a732-8460c6a3cc9e.png HTTP/1.1" 200 101078 "" "Mozilla/5.0 (Windows NT 10.0; Win64; x64) AppleWebKit/537.36 (KHTML, like Gecko) Chrome/106.0.0.0 Safari/537.36"
[2022-10-13T14:19:21.913] [INFO] default - ::1 - - "GET /favicon.ico HTTP/1.1" 404 150 "" "Mozilla/5.0 (Windows NT 10.0; Win64; x64) AppleWebKit/537.36 (KHTML, like Gecko) Chrome/106.0.0.0 Safari/537.36"
[2022-10-13T14:22:30.674] [INFO] default - static files /static/uploads/ -> ./uploads/
[2022-10-13T14:22:48.051] [INFO] default - ::1 - - "GET /static/uploads/3834864c-0646-448f-ae4b-316e1e1450e5.png HTTP/1.1" 200 101078 "" "Mozilla/5.0 (Windows NT 10.0; Win64; x64) AppleWebKit/537.36 (KHTML, like Gecko) Chrome/106.0.0.0 Safari/537.36"
[2022-10-13T14:29:05.029] [INFO] default - static files /static/uploads/ -> ./uploads/
[2022-10-13T14:29:05.030] [INFO] default - static files /static/videos/ -> ./public/
[2022-10-13T14:29:32.716] [INFO] default - static files /static/uploads/ -> ./uploads/
[2022-10-13T14:29:32.717] [INFO] default - static files /static/videos/ -> ./public/
[2022-10-13T14:30:30.816] [INFO] default - ::1 - - "GET /static/uploads/img/944693ce-59af-4466-93a8-d723090d5b00.png HTTP/1.1" 200 101078 "" "Mozilla/5.0 (Windows NT 10.0; Win64; x64) AppleWebKit/537.36 (KHTML, like Gecko) Chrome/106.0.0.0 Safari/537.36"
[2022-10-13T14:32:44.722] [INFO] default - static files /static/uploads/ -> ./uploads/
[2022-10-13T14:32:44.724] [INFO] default - static files /static/videos/ -> ./public/
[2022-10-13T14:33:02.408] [INFO] default - static files /static/uploads/ -> ./uploads/
[2022-10-13T14:33:02.409] [INFO] default - static files /static/videos/ -> ./public/
[2022-10-13T14:33:24.426] [INFO] default - ::1 - - "GET /static/uploads/d4607079-fcc0-4b04-9973-22223a52ef42.png HTTP/1.1" 200 101078 "" "Mozilla/5.0 (Windows NT 10.0; Win64; x64) AppleWebKit/537.36 (KHTML, like Gecko) Chrome/106.0.0.0 Safari/537.36"
[2022-10-13T14:33:50.058] [INFO] default - static files /static/uploads/ -> ./uploads/
[2022-10-13T14:33:50.059] [INFO] default - static files /static/videos/ -> ./public/
[2022-10-13T14:35:08.837] [INFO] default - static files /static/uploads/ -> ./uploads/
[2022-10-13T14:35:08.839] [INFO] default - static files /static/videos/ -> ./public/
[2022-10-13T14:35:32.945] [INFO] default - ::1 - - "POST /api/account/login HTTP/1.1" 200 174 "" "PostmanRuntime/7.29.2"
[2022-10-13T14:36:07.777] [INFO] default - static files /static/uploads/ -> ./uploads/
[2022-10-13T14:36:07.779] [INFO] default - static files /static/videos/ -> ./public/
[2022-10-13T14:38:35.738] [INFO] default - static files /static/uploads/ -> ./uploads/
[2022-10-13T14:38:35.740] [INFO] default - static files /static/videos/ -> ./public/
[2022-10-13T14:40:07.015] [INFO] default - static files /static/uploads/ -> ./uploads/
[2022-10-13T14:40:07.017] [INFO] default - static files /static/videos/ -> ./public/
[2022-10-13T14:48:44.733] [INFO] default - static files /static/uploads/ -> ./uploads/
[2022-10-13T14:48:44.735] [INFO] default - static files /static/videos/ -> ./public/
[2022-10-13T14:48:49.623] [INFO] default - ::1 - - "POST /api/account/login HTTP/1.1" 200 174 "" "PostmanRuntime/7.29.2"
[2022-10-13T14:49:08.656] [INFO] default - ::1 - - "GET /api/country/list HTTP/1.1" 200 100 "" "PostmanRuntime/7.29.2"
[2022-10-13T14:49:32.632] [INFO] default - static files /static/uploads/ -> ./uploads/
[2022-10-13T14:49:32.633] [INFO] default - static files /static/videos/ -> ./public/
[2022-10-13T14:50:11.048] [INFO] default - static files /static/uploads/ -> ./uploads/
[2022-10-13T14:50:11.050] [INFO] default - static files /static/videos/ -> ./public/
[2022-10-13T14:51:13.046] [INFO] default - static files /static/uploads/ -> ./uploads/
[2022-10-13T14:51:13.047] [INFO] default - static files /static/videos/ -> ./public/
[2022-10-13T14:52:01.344] [INFO] default - static files /static/uploads/ -> ./uploads/
[2022-10-13T14:52:01.346] [INFO] default - static files /static/videos/ -> ./public/
[2022-10-13T14:52:04.306] [INFO] default - ::1 - - "GET /api/country/list HTTP/1.1" 200 50 "" "PostmanRuntime/7.29.2"
[2022-10-13T14:52:43.784] [INFO] default - static files /static/uploads/ -> ./uploads/
[2022-10-13T14:52:43.785] [INFO] default - static files /static/videos/ -> ./public/
[2022-10-13T14:53:20.252] [INFO] default - static files /static/uploads/ -> ./uploads/
[2022-10-13T14:53:20.253] [INFO] default - static files /static/videos/ -> ./public/
[2022-10-13T14:53:22.029] [INFO] default - ::1 - - "GET /api/country/list HTTP/1.1" 200 100 "" "PostmanRuntime/7.29.2"
[2022-10-13T14:55:39.949] [INFO] default - static files /static/uploads/ -> ./uploads/
[2022-10-13T14:55:39.951] [INFO] default - static files /static/videos/ -> ./public/
[2022-10-13T15:08:07.071] [INFO] default - static files /static/uploads/ -> ./uploads/
[2022-10-13T15:08:07.073] [INFO] default - static files /static/videos/ -> ./public/
[2022-10-13T15:15:59.502] [INFO] default - static files /static/uploads/ -> ./uploads/
[2022-10-13T15:15:59.504] [INFO] default - static files /static/videos/ -> ./public/
[2022-10-13T15:16:48.088] [INFO] default - static files /static/uploads/ -> ./uploads/
[2022-10-13T15:16:48.090] [INFO] default - static files /static/videos/ -> ./public/
[2022-10-13T15:17:58.256] [INFO] default - static files /static/uploads/ -> ./uploads/
[2022-10-13T15:17:58.258] [INFO] default - static files /static/videos/ -> ./public/
[2022-10-13T15:21:25.098] [INFO] default - static files /static/uploads/ -> ./uploads/
[2022-10-13T15:21:25.100] [INFO] default - static files /static/videos/ -> ./public/
[2022-10-13T15:21:27.739] [INFO] default - ::1 - - "GET /static/uploads/img/04ab118a-c92c-4ec1-b8d0-8d1c3b79c140.png HTTP/1.1" 200 101078 "" "Mozilla/5.0 (Windows NT 10.0; Win64; x64) AppleWebKit/537.36 (KHTML, like Gecko) Chrome/106.0.0.0 Safari/537.36"
[2022-10-13T15:21:35.765] [INFO] default - ::1 - - "GET /static/uploads/img/04ab118a-c92c-4ec1-b8d0-8d1c3b79c140.png HTTP/1.1" 200 101078 "" "Mozilla/5.0 (Windows NT 10.0; Win64; x64) AppleWebKit/537.36 (KHTML, like Gecko) Chrome/106.0.0.0 Safari/537.36"
[2022-10-13T15:23:04.398] [INFO] default - static files /static/uploads/ -> ./uploads/
[2022-10-13T15:23:04.400] [INFO] default - static files /static/videos/ -> ./public/
[2022-10-13T15:23:04.934] [INFO] default - ::1 - - "GET /static/uploads/img/04ab118a-c92c-4ec1-b8d0-8d1c3b79c140.png HTTP/1.1" 304 - "" "Mozilla/5.0 (Windows NT 10.0; Win64; x64) AppleWebKit/537.36 (KHTML, like Gecko) Chrome/106.0.0.0 Safari/537.36"
[2022-10-13T15:23:22.759] [INFO] default - static files /static/uploads/ -> ./uploads/
[2022-10-13T15:23:22.761] [INFO] default - static files /static/videos/ -> ./public/
[2022-10-13T15:23:40.229] [INFO] default - static files /static/uploads/ -> ./uploads/
[2022-10-13T15:23:40.231] [INFO] default - static files /static/videos/ -> ./public/
[2022-10-13T15:23:43.552] [INFO] default - ::1 - - "GET /static/uploads/img/04ab118a-c92c-4ec1-b8d0-8d1c3b79c140.png HTTP/1.1" 304 - "" "Mozilla/5.0 (Windows NT 10.0; Win64; x64) AppleWebKit/537.36 (KHTML, like Gecko) Chrome/106.0.0.0 Safari/537.36"
[2022-10-13T15:24:26.847] [INFO] default - static files /static/uploads/img -> ./uploads/
[2022-10-13T15:24:26.849] [INFO] default - static files /static/videos/ -> ./public/
[2022-10-13T15:25:16.276] [INFO] default - static files /static/uploads/ -> ./uploads/img
[2022-10-13T15:25:16.278] [INFO] default - static files /static/videos/ -> ./public/
[2022-10-13T15:25:19.831] [INFO] default - ::1 - - "GET /static/uploads/aa25a60a-6eab-418f-8da5-57b6501466ca.png HTTP/1.1" 200 50445 "" "Mozilla/5.0 (Windows NT 10.0; Win64; x64) AppleWebKit/537.36 (KHTML, like Gecko) Chrome/106.0.0.0 Safari/537.36"
[2022-10-13T15:26:51.593] [INFO] default - static files /static/uploads/ -> ./uploads
[2022-10-13T15:26:51.594] [INFO] default - static files /static/videos/ -> ./uploads
[2022-10-13T15:27:36.199] [INFO] default - ::1 - - "GET /static/uploads/img/d75e0b22-0fdc-4de3-ae08-1d3f9523612d.png HTTP/1.1" 200 134311 "" "Mozilla/5.0 (Windows NT 10.0; Win64; x64) AppleWebKit/537.36 (KHTML, like Gecko) Chrome/106.0.0.0 Safari/537.36"
[2022-10-13T15:57:25.690] [INFO] default - static files /static/uploads/ -> ./uploads
[2022-10-13T15:57:25.691] [INFO] default - static files /static/videos/ -> ./uploads
[2022-10-13T15:57:34.462] [INFO] default - static files /static/uploads/ -> ./uploads
[2022-10-13T15:57:34.463] [INFO] default - static files /static/videos/ -> ./uploads
[2022-10-13T16:58:04.675] [INFO] default - static files /static/uploads/ -> ./uploads
[2022-10-13T16:58:04.676] [INFO] default - static files /static/videos/ -> ./uploads
[2022-10-13T16:59:45.300] [INFO] default - static files /static/uploads/ -> ./uploads
[2022-10-13T16:59:45.302] [INFO] default - static files /static/videos/ -> ./uploads
[2022-10-13T17:04:22.506] [INFO] default - static files /static/uploads/ -> ./uploads
[2022-10-13T17:04:22.508] [INFO] default - static files /static/videos/ -> ./uploads
[2022-10-13T17:05:14.335] [INFO] default - static files /static/uploads/ -> ./uploads
[2022-10-13T17:05:14.336] [INFO] default - static files /static/videos/ -> ./uploads
[2022-10-13T17:06:24.128] [INFO] default - static files /static/uploads/ -> ./uploads
[2022-10-13T17:06:24.129] [INFO] default - static files /static/videos/ -> ./uploads
[2022-10-13T17:15:00.573] [INFO] default - static files /static/uploads/ -> ./uploads
[2022-10-13T17:15:00.575] [INFO] default - static files /static/videos/ -> ./uploads
[2022-10-13T17:30:50.678] [INFO] default - static files /static/uploads/ -> ./uploads
[2022-10-13T17:30:50.679] [INFO] default - static files /static/videos/ -> ./uploads
[2022-10-13T17:32:56.743] [INFO] default - static files /static/uploads/ -> ./uploads
[2022-10-13T17:32:56.744] [INFO] default - static files /static/videos/ -> ./uploads
[2022-10-13T17:33:29.374] [INFO] default - static files /static/uploads/ -> ./uploads
[2022-10-13T17:33:29.376] [INFO] default - static files /static/videos/ -> ./uploads
[2022-10-13T17:37:20.302] [INFO] default - static files /static/uploads/ -> ./uploads
[2022-10-13T17:37:20.304] [INFO] default - static files /static/videos/ -> ./uploads
